<?xml version="1.0" encoding="UTF-8"?>
<testng-results skipped="0" failed="0" ignored="0" total="1" passed="1">
  <reporter-output>
  </reporter-output>
  <suite name="Default suite" duration-ms="44638" started-at="2019-07-19T09:28:07Z" finished-at="2019-07-19T09:28:51Z">
    <groups>
    </groups>
    <test name="Default test" duration-ms="44638" started-at="2019-07-19T09:28:07Z" finished-at="2019-07-19T09:28:51Z">
      <class name="com.test.dataTable">
        <test-method status="PASS" signature="f()[pri:0, instance:com.test.dataTable@77caeb3e]" name="f" duration-ms="44600" started-at="2019-07-19T09:28:07Z" finished-at="2019-07-19T09:28:51Z">
          <reporter-output>
          </reporter-output>
        </test-method> <!-- f -->
      </class> <!-- com.test.dataTable -->
    </test> <!-- Default test -->
  </suite> <!-- Default suite -->
</testng-results>
